<?xml version="1.0" encoding="UTF-8"?>
<!-- Generated by org.testng.reporters.JUnitReportReporter -->
<testsuite hostname="DESKTOP-3TAUMDF" failures="0" tests="2" name="testCasesPackage.TC002_Login_CreateAccount_TransferMoney" time="57.740" errors="0" timestamp="2023-05-22T00:21:45 BDT" skipped="0">
  <testcase classname="testCasesPackage.TC002_Login_CreateAccount_TransferMoney" name="login_CreateAccount_TranferMoney" time="28.695"/>
  <system-out/>
  <testcase classname="testCasesPackage.TC002_Login_CreateAccount_TransferMoney" name="login_CreateAccount_TranferMoney" time="29.045"/>
  <system-out/>
</testsuite> <!-- testCasesPackage.TC002_Login_CreateAccount_TransferMoney -->
