<?xml version="1.0" encoding="UTF-8"?>
<!-- Generated by org.testng.reporters.JUnitReportReporter -->
<testsuite hostname="DESKTOP-3TAUMDF" failures="0" tests="2" name="testCasesPackage.TC001_CreateNewUser" time="7.228" errors="0" timestamp="2023-05-22T00:21:45 BDT" skipped="0">
  <testcase classname="testCasesPackage.TC001_CreateNewUser" name="registration" time="2.814"/>
  <system-out/>
  <testcase classname="testCasesPackage.TC001_CreateNewUser" name="registration" time="4.414"/>
  <system-out/>
</testsuite> <!-- testCasesPackage.TC001_CreateNewUser -->
